<?xml version='1.0' encoding='UTF-8'?>
<testsuite hostname="mateusz-X550LN" name="ComplexNumberTest" tests="31" errors="0" failures="0" skipped="0" time="0.037" timestamp="2020-07-26T13:24:12">
                     <properties>
[...]
</properties>
                     <testcase classname="ComplexNumberTest" name="Real part of a purely real number" time="0.023">
                                                 
                                               </testcase><testcase classname="ComplexNumberTest" name="Real part of a purely imaginary number" time="0.0">
                                                 
                                               </testcase><testcase classname="ComplexNumberTest" name="Real part of a number with real and imaginary part" time="0.0">
                                                 
                                               </testcase><testcase classname="ComplexNumberTest" name="Imaginary part of a purely real number" time="0.0">
                                                 
                                               </testcase><testcase classname="ComplexNumberTest" name="Imaginary part of a purely imaginary number" time="0.0">
                                                 
                                               </testcase><testcase classname="ComplexNumberTest" name="Imaginary part of a number with real and imaginary part" time="0.001">
                                                 
                                               </testcase><testcase classname="ComplexNumberTest" name="Imaginary unit" time="0.001">
                                                 
                                               </testcase><testcase classname="ComplexNumberTest" name="Add purely real numbers" time="0.0">
                                                 
                                               </testcase><testcase classname="ComplexNumberTest" name="Add purely imaginary numbers" time="0.0">
                                                 
                                               </testcase><testcase classname="ComplexNumberTest" name="Add numbers with real and imaginary part" time="0.0">
                                                 
                                               </testcase><testcase classname="ComplexNumberTest" name="Subtract purely real numbers" time="0.001">
                                                 
                                               </testcase><testcase classname="ComplexNumberTest" name="Subtract purely imaginary numbers" time="0.001">
                                                 
                                               </testcase><testcase classname="ComplexNumberTest" name="Subtract numbers with real and imaginary part" time="0.0">
                                                 
                                               </testcase><testcase classname="ComplexNumberTest" name="Multiply purely real numbers" time="0.001">
                                                 
                                               </testcase><testcase classname="ComplexNumberTest" name="Multiply purely imaginary numbers" time="0.0">
                                                 
                                               </testcase><testcase classname="ComplexNumberTest" name="Multiply numbers with real and imaginary part" time="0.001">
                                                 
                                               </testcase><testcase classname="ComplexNumberTest" name="Divide purely real numbers" time="0.0">
                                                 
                                               </testcase><testcase classname="ComplexNumberTest" name="Divide purely imaginary numbers" time="0.001">
                                                 
                                               </testcase><testcase classname="ComplexNumberTest" name="Divide numbers with real and imaginary part" time="0.001">
                                                 
                                               </testcase><testcase classname="ComplexNumberTest" name="Absolute value of a positive purely real number" time="0.0">
                                                 
                                               </testcase><testcase classname="ComplexNumberTest" name="Absolute value of a negative purely real number" time="0.0">
                                                 
                                               </testcase><testcase classname="ComplexNumberTest" name="Absolute value of a purely imaginary number with positive imaginary part" time="0.001">
                                                 
                                               </testcase><testcase classname="ComplexNumberTest" name="Absolute value of a purely imaginary number with negative imaginary part" time="0.0">
                                                 
                                               </testcase><testcase classname="ComplexNumberTest" name="Absolute value of a number with real and imaginary part" time="0.0">
                                                 
                                               </testcase><testcase classname="ComplexNumberTest" name="Conjugate a purely real number" time="0.001">
                                                 
                                               </testcase><testcase classname="ComplexNumberTest" name="Conjugate a purely imaginary number" time="0.0">
                                                 
                                               </testcase><testcase classname="ComplexNumberTest" name="Conjugate a number with real and imaginary part" time="0.001">
                                                 
                                               </testcase><testcase classname="ComplexNumberTest" name="Euler's identity/formula" time="0.001">
                                                 
                                               </testcase><testcase classname="ComplexNumberTest" name="Exponential of 0" time="0.0">
                                                 
                                               </testcase><testcase classname="ComplexNumberTest" name="Exponential of a purely real number" time="0.001">
                                                 
                                               </testcase><testcase classname="ComplexNumberTest" name="Exponential of a number with real and imaginary part" time="0.001">
                                                 
                                               </testcase>
                     <system-out><![CDATA[]]></system-out>
                     <system-err><![CDATA[]]></system-err>
                   </testsuite>