<?xml version='1.0' encoding='UTF-8'?>
<testsuite hostname="mateusz-X550LN" name="HelloWorldTest" tests="1" errors="0" failures="0" skipped="0" time="0.038" timestamp="2020-03-20T20:23:27">
                     <properties>
[...]
</properties>
                     <testcase classname="HelloWorldTest" name="Say Hi!" time="0.038">
                                                 
                                               </testcase>
                     <system-out><![CDATA[]]></system-out>
                     <system-err><![CDATA[]]></system-err>
                   </testsuite>