<?xml version='1.0' encoding='UTF-8'?>
<testsuite hostname="mateusz-X550LN" name="RobotNameSpecs" tests="5" errors="0" failures="2" skipped="1" time="0.053" timestamp="2020-07-27T23:43:43">
                     <properties>
      <property name="awt.toolkit" value="sun.awt.X11.XToolkit"/><property name="java.specification.version" value="11"/><property name="sun.cpu.isalist" value=""/><property name="sun.jnu.encoding" value="UTF-8"/><property name="sun.arch.data.model" value="64"/><property name="java.vendor.url" value="https://ubuntu.com/"/><property name="sun.boot.library.path" value="/usr/lib/jvm/java-11-openjdk-amd64/lib"/><property name="sun.java.command" value="/usr/share/sbt/bin/sbt-launch.jar test"/><property name="jdk.debug" value="release"/><property name="java.specification.vendor" value="Oracle Corporation"/><property name="java.version.date" value="2020-07-14"/><property name="java.home" value="/usr/lib/jvm/java-11-openjdk-amd64"/><property name="file.separator" value="/"/><property name="java.vm.compressedOopsMode" value="32-bit"/><property name="line.separator" value="
"/><property name="java.specification.name" value="Java Platform API Specification"/><property name="java.vm.specification.vendor" value="Oracle Corporation"/><property name="sun.management.compiler" value="HotSpot 64-Bit Tiered Compilers"/><property name="java.runtime.version" value="11.0.8+10-post-Ubuntu-0ubuntu120.04"/><property name="user.name" value="mateusz"/><property name="log4j.ignoreTCL" value="true"/><property name="file.encoding" value="UTF-8"/><property name="java.io.tmpdir" value="/tmp"/><property name="java.version" value="11.0.8"/><property name="java.vm.specification.name" value="Java Virtual Machine Specification"/><property name="java.awt.printerjob" value="sun.print.PSPrinterJob"/><property name="sun.os.patch.level" value="unknown"/><property name="java.library.path" value="/usr/java/packages/lib:/usr/lib/x86_64-linux-gnu/jni:/lib/x86_64-linux-gnu:/usr/lib/x86_64-linux-gnu:/usr/lib/jni:/lib:/usr/lib"/><property name="java.vendor" value="Ubuntu"/><property name="scala.ext.dirs" value="/home/mateusz/.sbt/0.13/java9-rt-ext-ubuntu_11_0_8"/><property name="sun.io.unicode.encoding" value="UnicodeLittle"/><property name="sun.desktop" value="gnome"/><property name="java.class.path" value="/usr/share/sbt/bin/sbt-launch.jar"/><property name="java.vm.vendor" value="Ubuntu"/><property name="jline.shutdownhook" value="false"/><property name="user.timezone" value="Europe/Warsaw"/><property name="os.name" value="Linux"/><property name="java.vm.specification.version" value="11"/><property name="sun.java.launcher" value="SUN_STANDARD"/><property name="user.country" value="US"/><property name="sun.cpu.endian" value="little"/><property name="user.home" value="/home/mateusz"/><property name="user.language" value="en"/><property name="swoval.tmpdir" value="/home/mateusz/.sbt/1.0"/><property name="java.awt.graphicsenv" value="sun.awt.X11GraphicsEnvironment"/><property name="jline.esc.timeout" value="0"/><property name="path.separator" value=":"/><property name="os.version" value="5.4.0-42-generic"/><property name="jna.nosys" value="true"/><property name="java.runtime.name" value="OpenJDK Runtime Environment"/><property name="java.vm.name" value="OpenJDK 64-Bit Server VM"/><property name="java.vendor.url.bug" value="https://bugs.launchpad.net/ubuntu/+source/openjdk-lts"/><property name="user.dir" value="/home/mateusz/Projekty/exercism/scala/robot-name"/><property name="os.arch" value="amd64"/><property name="java.vm.info" value="mixed mode, sharing"/><property name="java.vm.version" value="11.0.8+10-post-Ubuntu-0ubuntu120.04"/><property name="java.class.version" value="55.0"/>
    </properties>
                     <testcase classname="RobotNameSpecs" name="has a name" time="0.023">
                                                 <failure message="26" type="java.lang.IndexOutOfBoundsException">java.lang.IndexOutOfBoundsException: 26
	at scala.collection.immutable.NumericRange.apply(NumericRange.scala:113)
	at Robot.randLetter(RobotName.scala:7)
	at Robot.&lt;init&gt;(RobotName.scala:18)
	at RobotNameSpecs.$anonfun$new$1(RobotNameTest.scala:10)
	at org.scalatest.OutcomeOf.outcomeOf(OutcomeOf.scala:85)
	at org.scalatest.OutcomeOf.outcomeOf$(OutcomeOf.scala:83)
	at org.scalatest.OutcomeOf$.outcomeOf(OutcomeOf.scala:104)
	at org.scalatest.Transformer.apply(Transformer.scala:22)
	at org.scalatest.Transformer.apply(Transformer.scala:20)
	at org.scalatest.FunSpecLike$$anon$1.apply(FunSpecLike.scala:454)
	at org.scalatest.TestSuite.withFixture(TestSuite.scala:196)
	at org.scalatest.TestSuite.withFixture$(TestSuite.scala:195)
	at org.scalatest.FunSpec.withFixture(FunSpec.scala:1630)
	at org.scalatest.FunSpecLike.invokeWithFixture$1(FunSpecLike.scala:452)
	at org.scalatest.FunSpecLike.$anonfun$runTest$1(FunSpecLike.scala:464)
	at org.scalatest.SuperEngine.runTestImpl(Engine.scala:289)
	at org.scalatest.FunSpecLike.runTest(FunSpecLike.scala:464)
	at org.scalatest.FunSpecLike.runTest$(FunSpecLike.scala:446)
	at org.scalatest.FunSpec.runTest(FunSpec.scala:1630)
	at org.scalatest.FunSpecLike.$anonfun$runTests$1(FunSpecLike.scala:497)
	at org.scalatest.SuperEngine.$anonfun$runTestsInBranch$1(Engine.scala:396)
	at scala.collection.immutable.List.foreach(List.scala:392)
	at org.scalatest.SuperEngine.traverseSubNodes$1(Engine.scala:384)
	at org.scalatest.SuperEngine.runTestsInBranch(Engine.scala:379)
	at org.scalatest.SuperEngine.runTestsImpl(Engine.scala:461)
	at org.scalatest.FunSpecLike.runTests(FunSpecLike.scala:497)
	at org.scalatest.FunSpecLike.runTests$(FunSpecLike.scala:496)
	at org.scalatest.FunSpec.runTests(FunSpec.scala:1630)
	at org.scalatest.Suite.run(Suite.scala:1147)
	at org.scalatest.Suite.run$(Suite.scala:1129)
	at org.scalatest.FunSpec.org$scalatest$FunSpecLike$$super$run(FunSpec.scala:1630)
	at org.scalatest.FunSpecLike.$anonfun$run$1(FunSpecLike.scala:501)
	at org.scalatest.SuperEngine.runImpl(Engine.scala:521)
	at org.scalatest.FunSpecLike.run(FunSpecLike.scala:501)
	at org.scalatest.FunSpecLike.run$(FunSpecLike.scala:500)
	at org.scalatest.FunSpec.run(FunSpec.scala:1630)
	at org.scalatest.tools.Framework.org$scalatest$tools$Framework$$runSuite(Framework.scala:314)
	at org.scalatest.tools.Framework$ScalaTestTask.execute(Framework.scala:507)
	at sbt.TestRunner.runTest$1(TestFramework.scala:139)
	at sbt.TestRunner.run(TestFramework.scala:154)
	at sbt.TestFramework$$anon$3$$anonfun$$lessinit$greater$1.$anonfun$apply$1(TestFramework.scala:317)
	at sbt.TestFramework$.sbt$TestFramework$$withContextLoader(TestFramework.scala:277)
	at sbt.TestFramework$$anon$3$$anonfun$$lessinit$greater$1.apply(TestFramework.scala:317)
	at sbt.TestFramework$$anon$3$$anonfun$$lessinit$greater$1.apply(TestFramework.scala:317)
	at sbt.TestFunction.apply(TestFramework.scala:329)
	at sbt.Tests$.$anonfun$toTask$1(Tests.scala:311)
	at sbt.std.Transform$$anon$3.$anonfun$apply$2(Transform.scala:46)
	at sbt.std.Transform$$anon$4.work(Transform.scala:67)
	at sbt.Execute.$anonfun$submit$2(Execute.scala:281)
	at sbt.internal.util.ErrorHandling$.wideConvert(ErrorHandling.scala:19)
	at sbt.Execute.work(Execute.scala:290)
	at sbt.Execute.$anonfun$submit$1(Execute.scala:281)
	at sbt.ConcurrentRestrictions$$anon$4.$anonfun$submitValid$1(ConcurrentRestrictions.scala:178)
	at sbt.CompletionService$$anon$2.call(CompletionService.scala:37)
	at java.base/java.util.concurrent.FutureTask.run(FutureTask.java:264)
	at java.base/java.util.concurrent.Executors$RunnableAdapter.call(Executors.java:515)
	at java.base/java.util.concurrent.FutureTask.run(FutureTask.java:264)
	at java.base/java.util.concurrent.ThreadPoolExecutor.runWorker(ThreadPoolExecutor.java:1128)
	at java.base/java.util.concurrent.ThreadPoolExecutor$Worker.run(ThreadPoolExecutor.java:628)
	at java.base/java.lang.Thread.run(Thread.java:834)
</failure>
                                               </testcase><testcase classname="RobotNameSpecs" name="does not change its name" time="0.009">
                                                 
                                               </testcase><testcase classname="RobotNameSpecs" name="does not have the same name as other robots" time="0.005">
                                                 
                                               </testcase><testcase classname="RobotNameSpecs" name="can have its name reset" time="0.017">
                                                 <failure message="&quot;nh397.2607322938832&quot; did not fully match the regular expression [A-Z]{2}\d{3}" type="org.scalatest.exceptions.TestFailedException">org.scalatest.exceptions.TestFailedException: &quot;nh397.2607322938832&quot; did not fully match the regular expression [A-Z]{2}\d{3}
	at org.scalatest.MatchersHelper$.indicateFailure(MatchersHelper.scala:340)
	at org.scalatest.Matchers$ResultOfFullyMatchWordForString.regex(Matchers.scala:2354)
	at org.scalatest.Matchers$ResultOfFullyMatchWordForString.regex(Matchers.scala:2327)
	at RobotNameSpecs.$anonfun$new$4(RobotNameTest.scala:29)
	at org.scalatest.OutcomeOf.outcomeOf(OutcomeOf.scala:85)
	at org.scalatest.OutcomeOf.outcomeOf$(OutcomeOf.scala:83)
	at org.scalatest.OutcomeOf$.outcomeOf(OutcomeOf.scala:104)
	at org.scalatest.Transformer.apply(Transformer.scala:22)
	at org.scalatest.Transformer.apply(Transformer.scala:20)
	at org.scalatest.FunSpecLike$$anon$1.apply(FunSpecLike.scala:454)
	at org.scalatest.TestSuite.withFixture(TestSuite.scala:196)
	at org.scalatest.TestSuite.withFixture$(TestSuite.scala:195)
	at org.scalatest.FunSpec.withFixture(FunSpec.scala:1630)
	at org.scalatest.FunSpecLike.invokeWithFixture$1(FunSpecLike.scala:452)
	at org.scalatest.FunSpecLike.$anonfun$runTest$1(FunSpecLike.scala:464)
	at org.scalatest.SuperEngine.runTestImpl(Engine.scala:289)
	at org.scalatest.FunSpecLike.runTest(FunSpecLike.scala:464)
	at org.scalatest.FunSpecLike.runTest$(FunSpecLike.scala:446)
	at org.scalatest.FunSpec.runTest(FunSpec.scala:1630)
	at org.scalatest.FunSpecLike.$anonfun$runTests$1(FunSpecLike.scala:497)
	at org.scalatest.SuperEngine.$anonfun$runTestsInBranch$1(Engine.scala:396)
	at scala.collection.immutable.List.foreach(List.scala:392)
	at org.scalatest.SuperEngine.traverseSubNodes$1(Engine.scala:384)
	at org.scalatest.SuperEngine.runTestsInBranch(Engine.scala:379)
	at org.scalatest.SuperEngine.runTestsImpl(Engine.scala:461)
	at org.scalatest.FunSpecLike.runTests(FunSpecLike.scala:497)
	at org.scalatest.FunSpecLike.runTests$(FunSpecLike.scala:496)
	at org.scalatest.FunSpec.runTests(FunSpec.scala:1630)
	at org.scalatest.Suite.run(Suite.scala:1147)
	at org.scalatest.Suite.run$(Suite.scala:1129)
	at org.scalatest.FunSpec.org$scalatest$FunSpecLike$$super$run(FunSpec.scala:1630)
	at org.scalatest.FunSpecLike.$anonfun$run$1(FunSpecLike.scala:501)
	at org.scalatest.SuperEngine.runImpl(Engine.scala:521)
	at org.scalatest.FunSpecLike.run(FunSpecLike.scala:501)
	at org.scalatest.FunSpecLike.run$(FunSpecLike.scala:500)
	at org.scalatest.FunSpec.run(FunSpec.scala:1630)
	at org.scalatest.tools.Framework.org$scalatest$tools$Framework$$runSuite(Framework.scala:314)
	at org.scalatest.tools.Framework$ScalaTestTask.execute(Framework.scala:507)
	at sbt.TestRunner.runTest$1(TestFramework.scala:139)
	at sbt.TestRunner.run(TestFramework.scala:154)
	at sbt.TestFramework$$anon$3$$anonfun$$lessinit$greater$1.$anonfun$apply$1(TestFramework.scala:317)
	at sbt.TestFramework$.sbt$TestFramework$$withContextLoader(TestFramework.scala:277)
	at sbt.TestFramework$$anon$3$$anonfun$$lessinit$greater$1.apply(TestFramework.scala:317)
	at sbt.TestFramework$$anon$3$$anonfun$$lessinit$greater$1.apply(TestFramework.scala:317)
	at sbt.TestFunction.apply(TestFramework.scala:329)
	at sbt.Tests$.$anonfun$toTask$1(Tests.scala:311)
	at sbt.std.Transform$$anon$3.$anonfun$apply$2(Transform.scala:46)
	at sbt.std.Transform$$anon$4.work(Transform.scala:67)
	at sbt.Execute.$anonfun$submit$2(Execute.scala:281)
	at sbt.internal.util.ErrorHandling$.wideConvert(ErrorHandling.scala:19)
	at sbt.Execute.work(Execute.scala:290)
	at sbt.Execute.$anonfun$submit$1(Execute.scala:281)
	at sbt.ConcurrentRestrictions$$anon$4.$anonfun$submitValid$1(ConcurrentRestrictions.scala:178)
	at sbt.CompletionService$$anon$2.call(CompletionService.scala:37)
	at java.base/java.util.concurrent.FutureTask.run(FutureTask.java:264)
	at java.base/java.util.concurrent.Executors$RunnableAdapter.call(Executors.java:515)
	at java.base/java.util.concurrent.FutureTask.run(FutureTask.java:264)
	at java.base/java.util.concurrent.ThreadPoolExecutor.runWorker(ThreadPoolExecutor.java:1128)
	at java.base/java.util.concurrent.ThreadPoolExecutor$Worker.run(ThreadPoolExecutor.java:628)
	at java.base/java.lang.Thread.run(Thread.java:834)
</failure>
                                               </testcase><testcase classname="RobotNameSpecs" name="a large number of new instances have unique names" time="-0.001">
                                                 <skipped/>
                                               </testcase>
                     <system-out><![CDATA[]]></system-out>
                     <system-err><![CDATA[]]></system-err>
                   </testsuite>